41.4397 	DEBUG 	Fullscreen settings ignored as running in pilot mode.
41.4411 	INFO 	Loaded monitor calibration from ['2023_04_13 15:13']
41.7395 	EXP 	Created window1 = Window(allowGUI=True, allowStencil=False, autoLog=True, backendConf=UNKNOWN, backgroundFit=<method-wrapper '__getattribute__' of attributeSetter object at 0x13fcb3070>, backgroundImage=<method-wrapper '__getattribute__' of attributeSetter object at 0x13fcb30d0>, bitsMode=UNKNOWN, blendMode='avg', bpc=(8, 8, 8), color=array([0, 0, 0]), colorSpace='rgb', depthBits=8, fullscr=<method-wrapper '__getattribute__' of attributeSetter object at 0x13fcb3280>, gamma=None, gammaErrorPolicy='raise', infoMsg=UNKNOWN, lms=UNKNOWN, monitor=<psychopy.monitors.calibTools.Monitor object at 0x13fc93ee0>, multiSample=False, name='window1', numSamples=2, pos=[520.0, 300.0], screen=0, size=array([1600, 1200]), stencilBits=0, stereo=False, title='PsychoPy', units='height', useFBO=True, useRetina=True, viewOri=0.0, viewPos=None, viewScale=None, waitBlanking=True, winType='pyglet')
41.7396 	EXP 	window1: backgroundImage = ''
41.7396 	EXP 	window1: backgroundFit = 'none'
41.7399 	EXP 	window1: mouseVisible = <method-wrapper '__getattribute__' of attributeSetter object at 0x13fcb2da0>
41.7402 	EXP 	window1: mouseVisible = <method-wrapper '__getattribute__' of attributeSetter object at 0x13fcb2da0>
41.7440 	EXP 	window1: mouseVisible = <method-wrapper '__getattribute__' of attributeSetter object at 0x13fcb2da0>
41.7450 	EXP 	window1: mouseVisible = <method-wrapper '__getattribute__' of attributeSetter object at 0x13fcb2da0>
41.7533 	DEBUG 	TextBox2 loaded 1 chars with 0 blanks and 1 valid
41.7545 	DEBUG 	TextBox2 loaded 1 chars with 0 blanks and 1 valid
41.7557 	DEBUG 	TextBox2 loaded 1 chars with 0 blanks and 1 valid
41.7572 	DEBUG 	TextBox2 loaded 1 chars with 0 blanks and 1 valid
41.7587 	DEBUG 	TextBox2 loaded 1 chars with 0 blanks and 1 valid
41.7594 	DEBUG 	TextBox2 loaded 1 chars with 0 blanks and 1 valid
41.7605 	DEBUG 	TextBox2 loaded 1 chars with 0 blanks and 1 valid
41.7621 	DEBUG 	TextBox2 loaded 1 chars with 0 blanks and 1 valid
41.7626 	DEBUG 	TextBox2 loaded 1 chars with 0 blanks and 1 valid
41.7631 	DEBUG 	TextBox2 loaded 1 chars with 0 blanks and 1 valid
41.7643 	DEBUG 	TextBox2 loaded 1 chars with 0 blanks and 1 valid
41.7655 	DEBUG 	TextBox2 loaded 1 chars with 0 blanks and 1 valid
41.7665 	DEBUG 	TextBox2 loaded 1 chars with 0 blanks and 1 valid
41.7677 	DEBUG 	TextBox2 loaded 1 chars with 0 blanks and 1 valid
41.7687 	DEBUG 	TextBox2 loaded 1 chars with 0 blanks and 1 valid
41.7699 	DEBUG 	TextBox2 loaded 1 chars with 0 blanks and 1 valid
41.7711 	DEBUG 	TextBox2 loaded 1 chars with 0 blanks and 1 valid
41.7718 	DEBUG 	TextBox2 loaded 1 chars with 0 blanks and 1 valid
41.7725 	DEBUG 	TextBox2 loaded 1 chars with 0 blanks and 1 valid
41.7741 	DEBUG 	TextBox2 loaded 1 chars with 0 blanks and 1 valid
41.7747 	DEBUG 	TextBox2 loaded 1 chars with 0 blanks and 1 valid
41.7752 	DEBUG 	Uploading Texture Font fontname to graphics card
41.7781 	DEBUG 	Upload of Texture Font fontname complete
41.7803 	EXP 	window1: mouseVisible = <method-wrapper '__getattribute__' of attributeSetter object at 0x13fcb2da0>
41.7805 	EXP 	window1: mouseVisible = <method-wrapper '__getattribute__' of attributeSetter object at 0x13fcb2da0>
41.7816 	EXP 	window1: mouseVisible = <method-wrapper '__getattribute__' of attributeSetter object at 0x13fcb2da0>
41.7825 	EXP 	window1: mouseVisible = <method-wrapper '__getattribute__' of attributeSetter object at 0x13fcb2da0>
41.7891 	DEBUG 	TextBox2 loaded 1 chars with 0 blanks and 1 valid
41.7907 	DEBUG 	TextBox2 loaded 1 chars with 0 blanks and 1 valid
41.7922 	DEBUG 	TextBox2 loaded 1 chars with 0 blanks and 1 valid
41.7927 	DEBUG 	Uploading Texture Font fontname to graphics card
41.7934 	DEBUG 	Upload of Texture Font fontname complete
41.7963 	EXP 	window1: Attempting to measure frame rate of screen (0) ...
41.7963 	EXP 	window1: recordFrameIntervals = False
42.2277 	EXP 	window1: recordFrameIntervals = True
43.0773 	WARNING 	Couldn't measure a consistent frame rate!
  - Is your graphics card set to sync to vertical blank?
  - Are you running other processes on your computer?

43.0783 	EXP 	window1: mouseVisible = False
43.0788 	EXP 	window1: mouseVisible = False
43.0790 	EXP 	window1: mouseVisible = False
43.0801 	EXP 	window1: mouseVisible = False
43.0811 	EXP 	window1: mouseVisible = False
43.0884 	DEBUG 	TextBox2 loaded 1 chars with 0 blanks and 1 valid
43.0891 	DEBUG 	TextBox2 loaded 1 chars with 0 blanks and 1 valid
43.0907 	DEBUG 	TextBox2 loaded 1 chars with 0 blanks and 1 valid
43.0925 	DEBUG 	TextBox2 loaded 1 chars with 0 blanks and 1 valid
43.0941 	DEBUG 	TextBox2 loaded 1 chars with 0 blanks and 1 valid
43.0958 	DEBUG 	TextBox2 loaded 1 chars with 0 blanks and 1 valid
43.0965 	DEBUG 	TextBox2 loaded 1 chars with 0 blanks and 1 valid
43.0983 	DEBUG 	TextBox2 loaded 1 chars with 0 blanks and 1 valid
43.0999 	DEBUG 	TextBox2 loaded 1 chars with 0 blanks and 1 valid
43.1014 	DEBUG 	TextBox2 loaded 1 chars with 0 blanks and 1 valid
43.1019 	DEBUG 	Uploading Texture Font fontname to graphics card
43.1051 	DEBUG 	Upload of Texture Font fontname complete
43.1076 	EXP 	window1: mouseVisible = False
43.1078 	EXP 	window1: mouseVisible = False
43.1087 	EXP 	window1: mouseVisible = False
43.1097 	EXP 	window1: mouseVisible = False
43.1356 	WARNING 	launchHubServer: If using the iohub mouse or eyetracker devices, fullScr should be True.
44.1019 	INFO 	keyboard.Keyboard is using iohub backend.
44.1021 	EXP 	comp: status = STARTED
44.1031 	EXP 	window1: mouseVisible = False
44.1057 	EXP 	Created r_1 = Rect(__class__=<class 'psychopy.visual.rect.Rect'>, anchor=('center', 'center'), autoDraw=False, autoLog=True, closeShape=True, color=method-wrapper(...), colorSpace='rgb', contrast=None, depth=0.0, draggable=False, fillColor=array([0.0039, 0.0039, 0.0039]), fillColorSpace='rgb', fillRGB=array([0.0039, 0.0039, 0.0039]), interpolate=True, lineColor=array([-1., -1., -1.]), lineColorSpace='rgb', lineRGB=array([-1., -1., -1.]), lineWidth=1.0, name='r_1', opacity=1, ori=0.0, pos=array([0., 0.]), size=array([1., 1.]), units='height', vertices=ndarray(...), win=Window(...))
44.1059 	EXP 	window1: mouseVisible = False
44.1076 	EXP 	Created r_2 = Rect(__class__=<class 'psychopy.visual.rect.Rect'>, anchor=('center', 'center'), autoDraw=False, autoLog=True, closeShape=True, color=method-wrapper(...), colorSpace='rgb', contrast=None, depth=-1.0, draggable=False, fillColor=array([0.0039, 0.0039, 0.0039]), fillColorSpace='rgb', fillRGB=array([0.0039, 0.0039, 0.0039]), interpolate=True, lineColor=array([-1., -1., -1.]), lineColorSpace='rgb', lineRGB=array([-1., -1., -1.]), lineWidth=1.0, name='r_2', opacity=1, ori=0.0, pos=array([0., 0.]), size=array([1., 1.]), units='height', vertices=ndarray(...), win=Window(...))
44.1079 	EXP 	window1: mouseVisible = False
44.1095 	EXP 	Created r_3 = Rect(__class__=<class 'psychopy.visual.rect.Rect'>, anchor=('center', 'center'), autoDraw=False, autoLog=True, closeShape=True, color=method-wrapper(...), colorSpace='rgb', contrast=None, depth=-2.0, draggable=False, fillColor=array([0.0039, 0.0039, 0.0039]), fillColorSpace='rgb', fillRGB=array([0.0039, 0.0039, 0.0039]), interpolate=True, lineColor=array([-1., -1., -1.]), lineColorSpace='rgb', lineRGB=array([-1., -1., -1.]), lineWidth=1.0, name='r_3', opacity=1, ori=0.0, pos=array([0., 0.]), size=array([1., 1.]), units='height', vertices=ndarray(...), win=Window(...))
44.1098 	EXP 	window1: mouseVisible = False
45.5070 	EXP 	Created r_1_label = TextStim(__class__=<class 'psychopy.visual.text.TextStim'>, alignHoriz=method-wrapper(...), alignText='center', alignVert=method-wrapper(...), anchorHoriz='center', anchorVert='center', antialias=True, autoDraw=False, autoLog=True, bold=False, color=array([-1., -1., -1.]), colorSpace='rgb', contrast=1.0, depth=-4.0, draggable=False, flipHoriz=False, flipVert=False, font='Arial', fontFiles=[], height=5.0, italic=False, languageStyle='LTR', name='r_1_label', opacity=1, ori=0.0, pos=array([0., 0.]), rgb=UNKNOWN, text='1', units='height', win=Window(...), wrapWidth=1)
45.5073 	EXP 	window1: mouseVisible = False
45.5452 	EXP 	Created r_2_label = TextStim(__class__=<class 'psychopy.visual.text.TextStim'>, alignHoriz=method-wrapper(...), alignText='center', alignVert=method-wrapper(...), anchorHoriz='center', anchorVert='center', antialias=True, autoDraw=False, autoLog=True, bold=False, color=array([-1., -1., -1.]), colorSpace='rgb', contrast=1.0, depth=-5.0, draggable=False, flipHoriz=False, flipVert=False, font='Arial', fontFiles=[], height=5.0, italic=False, languageStyle='LTR', name='r_2_label', opacity=1, ori=0.0, pos=array([0., 0.]), rgb=UNKNOWN, text='2', units='height', win=Window(...), wrapWidth=1)
45.5454 	EXP 	window1: mouseVisible = False
45.5839 	EXP 	Created r_3_label = TextStim(__class__=<class 'psychopy.visual.text.TextStim'>, alignHoriz=method-wrapper(...), alignText='center', alignVert=method-wrapper(...), anchorHoriz='center', anchorVert='center', antialias=True, autoDraw=False, autoLog=True, bold=False, color=array([-1., -1., -1.]), colorSpace='rgb', contrast=1.0, depth=-6.0, draggable=False, flipHoriz=False, flipVert=False, font='Arial', fontFiles=[], height=5.0, italic=False, languageStyle='LTR', name='r_3_label', opacity=1, ori=0.0, pos=array([0., 0.]), rgb=UNKNOWN, text='3', units='height', win=Window(...), wrapWidth=1)
45.5843 	EXP 	window1: mouseVisible = False
49.7222 	EXP 	window1: mouseVisible = True
49.7246 	DEBUG 	Saving data for comp ExperimentHandler
49.7252 	INFO 	saved data to /Users/seanconway/Research/Perceptual_CE/comparability/experiment_code/data/999_comp_2025-01-29_13h31.49.631.psydat
49.7256 	INFO 	saved data to '/Users/seanconway/Research/Perceptual_CE/comparability/experiment_code/data/999_comp_2025-01-29_13h31.49.631.csv'
