31.8295 	DEBUG 	Fullscreen settings ignored as running in pilot mode.
31.8309 	INFO 	Loaded monitor calibration from ['2023_04_13 15:13']
32.1554 	EXP 	Created window1 = Window(allowGUI=True, allowStencil=False, autoLog=True, backendConf=UNKNOWN, backgroundFit=<method-wrapper '__getattribute__' of attributeSetter object at 0x13b649780>, backgroundImage=<method-wrapper '__getattribute__' of attributeSetter object at 0x13b649720>, bitsMode=UNKNOWN, blendMode='avg', bpc=(8, 8, 8), color=array([0, 0, 0]), colorSpace='rgb', depthBits=8, fullscr=<method-wrapper '__getattribute__' of attributeSetter object at 0x13b649570>, gamma=None, gammaErrorPolicy='raise', infoMsg=UNKNOWN, lms=UNKNOWN, monitor=<psychopy.monitors.calibTools.Monitor object at 0x13b66bc10>, multiSample=False, name='window1', numSamples=2, pos=[520.0, 300.0], screen=0, size=array([1600, 1200]), stencilBits=0, stereo=False, title='PsychoPy', units='height', useFBO=True, useRetina=True, viewOri=0.0, viewPos=None, viewScale=None, waitBlanking=True, winType='pyglet')
32.1554 	EXP 	window1: backgroundImage = ''
32.1555 	EXP 	window1: backgroundFit = 'none'
32.1558 	EXP 	window1: mouseVisible = <method-wrapper '__getattribute__' of attributeSetter object at 0x13b6498a0>
32.1560 	EXP 	window1: mouseVisible = <method-wrapper '__getattribute__' of attributeSetter object at 0x13b6498a0>
32.1605 	EXP 	window1: mouseVisible = <method-wrapper '__getattribute__' of attributeSetter object at 0x13b6498a0>
32.1615 	EXP 	window1: mouseVisible = <method-wrapper '__getattribute__' of attributeSetter object at 0x13b6498a0>
32.1800 	DEBUG 	TextBox2 loaded 1 chars with 0 blanks and 1 valid
32.1812 	DEBUG 	TextBox2 loaded 1 chars with 0 blanks and 1 valid
32.1824 	DEBUG 	TextBox2 loaded 1 chars with 0 blanks and 1 valid
32.1839 	DEBUG 	TextBox2 loaded 1 chars with 0 blanks and 1 valid
32.1854 	DEBUG 	TextBox2 loaded 1 chars with 0 blanks and 1 valid
32.1861 	DEBUG 	TextBox2 loaded 1 chars with 0 blanks and 1 valid
32.1873 	DEBUG 	TextBox2 loaded 1 chars with 0 blanks and 1 valid
32.1889 	DEBUG 	TextBox2 loaded 1 chars with 0 blanks and 1 valid
32.1894 	DEBUG 	TextBox2 loaded 1 chars with 0 blanks and 1 valid
32.1899 	DEBUG 	TextBox2 loaded 1 chars with 0 blanks and 1 valid
32.1911 	DEBUG 	TextBox2 loaded 1 chars with 0 blanks and 1 valid
32.1923 	DEBUG 	TextBox2 loaded 1 chars with 0 blanks and 1 valid
32.1934 	DEBUG 	TextBox2 loaded 1 chars with 0 blanks and 1 valid
32.1945 	DEBUG 	TextBox2 loaded 1 chars with 0 blanks and 1 valid
32.1955 	DEBUG 	TextBox2 loaded 1 chars with 0 blanks and 1 valid
32.1967 	DEBUG 	TextBox2 loaded 1 chars with 0 blanks and 1 valid
32.1979 	DEBUG 	TextBox2 loaded 1 chars with 0 blanks and 1 valid
32.1986 	DEBUG 	TextBox2 loaded 1 chars with 0 blanks and 1 valid
32.1994 	DEBUG 	TextBox2 loaded 1 chars with 0 blanks and 1 valid
32.2010 	DEBUG 	TextBox2 loaded 1 chars with 0 blanks and 1 valid
32.2020 	DEBUG 	TextBox2 loaded 1 chars with 0 blanks and 1 valid
32.2041 	DEBUG 	Uploading Texture Font fontname to graphics card
32.2070 	DEBUG 	Upload of Texture Font fontname complete
32.2092 	EXP 	window1: mouseVisible = <method-wrapper '__getattribute__' of attributeSetter object at 0x13b6498a0>
32.2094 	EXP 	window1: mouseVisible = <method-wrapper '__getattribute__' of attributeSetter object at 0x13b6498a0>
32.2104 	EXP 	window1: mouseVisible = <method-wrapper '__getattribute__' of attributeSetter object at 0x13b6498a0>
32.2113 	EXP 	window1: mouseVisible = <method-wrapper '__getattribute__' of attributeSetter object at 0x13b6498a0>
32.2178 	DEBUG 	TextBox2 loaded 1 chars with 0 blanks and 1 valid
32.2194 	DEBUG 	TextBox2 loaded 1 chars with 0 blanks and 1 valid
32.2209 	DEBUG 	TextBox2 loaded 1 chars with 0 blanks and 1 valid
32.2213 	DEBUG 	Uploading Texture Font fontname to graphics card
32.2219 	DEBUG 	Upload of Texture Font fontname complete
32.2248 	EXP 	window1: Attempting to measure frame rate of screen (0) ...
32.2249 	EXP 	window1: recordFrameIntervals = False
32.6831 	EXP 	window1: recordFrameIntervals = True
33.2088 	EXP 	Screen (0) actual frame rate measured at 120.07Hz
33.2089 	EXP 	window1: recordFrameIntervals = False
33.2105 	EXP 	window1: mouseVisible = False
33.2111 	EXP 	window1: mouseVisible = False
33.2113 	EXP 	window1: mouseVisible = False
33.2123 	EXP 	window1: mouseVisible = False
33.2133 	EXP 	window1: mouseVisible = False
33.2205 	DEBUG 	TextBox2 loaded 1 chars with 0 blanks and 1 valid
33.2217 	DEBUG 	TextBox2 loaded 1 chars with 0 blanks and 1 valid
33.2230 	DEBUG 	TextBox2 loaded 1 chars with 0 blanks and 1 valid
33.2249 	DEBUG 	TextBox2 loaded 1 chars with 0 blanks and 1 valid
33.2266 	DEBUG 	TextBox2 loaded 1 chars with 0 blanks and 1 valid
33.2283 	DEBUG 	TextBox2 loaded 1 chars with 0 blanks and 1 valid
33.2291 	DEBUG 	TextBox2 loaded 1 chars with 0 blanks and 1 valid
33.2305 	DEBUG 	TextBox2 loaded 1 chars with 0 blanks and 1 valid
33.2321 	DEBUG 	TextBox2 loaded 1 chars with 0 blanks and 1 valid
33.2337 	DEBUG 	TextBox2 loaded 1 chars with 0 blanks and 1 valid
33.2342 	DEBUG 	Uploading Texture Font fontname to graphics card
33.2377 	DEBUG 	Upload of Texture Font fontname complete
33.2401 	EXP 	window1: mouseVisible = False
33.2404 	EXP 	window1: mouseVisible = False
33.2416 	EXP 	window1: mouseVisible = False
33.2426 	EXP 	window1: mouseVisible = False
33.2677 	WARNING 	launchHubServer: If using the iohub mouse or eyetracker devices, fullScr should be True.
39.0235 	INFO 	keyboard.Keyboard is using iohub backend.
39.0236 	EXP 	comp: status = STARTED
39.0250 	EXP 	window1: mouseVisible = False
39.0278 	EXP 	Created r_1 = Rect(__class__=<class 'psychopy.visual.rect.Rect'>, anchor=('center', 'center'), autoDraw=False, autoLog=True, closeShape=True, color=method-wrapper(...), colorSpace='rgb', contrast=None, depth=0.0, draggable=False, fillColor=array([0.0039, 0.0039, 0.0039]), fillColorSpace='rgb', fillRGB=array([0.0039, 0.0039, 0.0039]), interpolate=True, lineColor=array([-1., -1., -1.]), lineColorSpace='rgb', lineRGB=array([-1., -1., -1.]), lineWidth=1.0, name='r_1', opacity=1, ori=0.0, pos=array([0., 0.]), size=array([1., 1.]), units='height', vertices=ndarray(...), win=Window(...))
39.0279 	EXP 	window1: mouseVisible = False
39.0294 	EXP 	Created r_2 = Rect(__class__=<class 'psychopy.visual.rect.Rect'>, anchor=('center', 'center'), autoDraw=False, autoLog=True, closeShape=True, color=method-wrapper(...), colorSpace='rgb', contrast=None, depth=-1.0, draggable=False, fillColor=array([0.0039, 0.0039, 0.0039]), fillColorSpace='rgb', fillRGB=array([0.0039, 0.0039, 0.0039]), interpolate=True, lineColor=array([-1., -1., -1.]), lineColorSpace='rgb', lineRGB=array([-1., -1., -1.]), lineWidth=1.0, name='r_2', opacity=1, ori=0.0, pos=array([0., 0.]), size=array([1., 1.]), units='height', vertices=ndarray(...), win=Window(...))
39.0295 	EXP 	window1: mouseVisible = False
39.0309 	EXP 	Created r_3 = Rect(__class__=<class 'psychopy.visual.rect.Rect'>, anchor=('center', 'center'), autoDraw=False, autoLog=True, closeShape=True, color=method-wrapper(...), colorSpace='rgb', contrast=None, depth=-2.0, draggable=False, fillColor=array([0.0039, 0.0039, 0.0039]), fillColorSpace='rgb', fillRGB=array([0.0039, 0.0039, 0.0039]), interpolate=True, lineColor=array([-1., -1., -1.]), lineColorSpace='rgb', lineRGB=array([-1., -1., -1.]), lineWidth=1.0, name='r_3', opacity=1, ori=0.0, pos=array([0., 0.]), size=array([1., 1.]), units='height', vertices=ndarray(...), win=Window(...))
39.0313 	EXP 	window1: mouseVisible = False
41.4008 	EXP 	Created r_1_label = TextStim(__class__=<class 'psychopy.visual.text.TextStim'>, alignHoriz=method-wrapper(...), alignText='center', alignVert=method-wrapper(...), anchorHoriz='center', anchorVert='center', antialias=True, autoDraw=False, autoLog=True, bold=False, color=array([-1., -1., -1.]), colorSpace='rgb', contrast=1.0, depth=-4.0, draggable=False, flipHoriz=False, flipVert=False, font='Arial', fontFiles=[], height=5.0, italic=False, languageStyle='LTR', name='r_1_label', opacity=1, ori=0.0, pos=array([0., 0.]), rgb=UNKNOWN, text='1', units='height', win=Window(...), wrapWidth=1)
41.4011 	EXP 	window1: mouseVisible = False
41.4347 	EXP 	Created r_2_label = TextStim(__class__=<class 'psychopy.visual.text.TextStim'>, alignHoriz=method-wrapper(...), alignText='center', alignVert=method-wrapper(...), anchorHoriz='center', anchorVert='center', antialias=True, autoDraw=False, autoLog=True, bold=False, color=array([-1., -1., -1.]), colorSpace='rgb', contrast=1.0, depth=-5.0, draggable=False, flipHoriz=False, flipVert=False, font='Arial', fontFiles=[], height=5.0, italic=False, languageStyle='LTR', name='r_2_label', opacity=1, ori=0.0, pos=array([0., 0.]), rgb=UNKNOWN, text='2', units='height', win=Window(...), wrapWidth=1)
41.4350 	EXP 	window1: mouseVisible = False
41.4693 	EXP 	Created r_3_label = TextStim(__class__=<class 'psychopy.visual.text.TextStim'>, alignHoriz=method-wrapper(...), alignText='center', alignVert=method-wrapper(...), anchorHoriz='center', anchorVert='center', antialias=True, autoDraw=False, autoLog=True, bold=False, color=array([-1., -1., -1.]), colorSpace='rgb', contrast=1.0, depth=-6.0, draggable=False, flipHoriz=False, flipVert=False, font='Arial', fontFiles=[], height=5.0, italic=False, languageStyle='LTR', name='r_3_label', opacity=1, ori=0.0, pos=array([0., 0.]), rgb=UNKNOWN, text='3', units='height', win=Window(...), wrapWidth=1)
41.4695 	EXP 	window1: mouseVisible = False
45.4548 	EXP 	window1: mouseVisible = True
45.4580 	DEBUG 	Saving data for comp ExperimentHandler
45.4588 	INFO 	saved data to /Users/seanconway/Research/Perceptual_CE/comparability/experiment_code/data/999_comp_2025-01-29_13h26.13.037.psydat
45.4593 	INFO 	saved data to '/Users/seanconway/Research/Perceptual_CE/comparability/experiment_code/data/999_comp_2025-01-29_13h26.13.037.csv'
